[2025-09-29 18:20:16] :INFO:Application started
[2025-09-29 18:20:17] :INFO:get_ram_info init
[2025-09-29 18:20:17] :INFO:left_chunks: [
    Rect {
        x: 0,
        y: 0,
        width: 136,
        height: 65,
    },
    Rect {
        x: 0,
        y: 65,
        width: 136,
        height: 2,
    },
    Rect {
        x: 136,
        y: 0,
        width: 136,
        height: 65,
    },
    Rect {
        x: 136,
        y: 65,
        width: 136,
        height: 2,
    },
    Rect {
        x: 0,
        y: 67,
        width: 136,
        height: 1,
    },
    Rect {
        x: 0,
        y: 68,
        width: 136,
        height: 0,
    },
    Rect {
        x: 136,
        y: 67,
        width: 136,
        height: 1,
    },
    Rect {
        x: 136,
        y: 68,
        width: 136,
        height: 0,
    },
]
[2025-09-29 18:20:18] :INFO:Quit requested by user
[2025-09-29 18:20:18] :INFO:Application exited successfully
[2025-09-29 18:23:22] :INFO:Application started
[2025-09-29 18:23:22] :INFO:get_ram_info init
[2025-09-29 18:23:22] :INFO:left_chunks: [
    Rect {
        x: 0,
        y: 0,
        width: 136,
        height: 65,
    },
    Rect {
        x: 0,
        y: 65,
        width: 136,
        height: 2,
    },
    Rect {
        x: 136,
        y: 0,
        width: 136,
        height: 65,
    },
    Rect {
        x: 136,
        y: 65,
        width: 136,
        height: 2,
    },
    Rect {
        x: 0,
        y: 67,
        width: 136,
        height: 1,
    },
    Rect {
        x: 0,
        y: 68,
        width: 136,
        height: 0,
    },
    Rect {
        x: 136,
        y: 67,
        width: 136,
        height: 1,
    },
    Rect {
        x: 136,
        y: 68,
        width: 136,
        height: 0,
    },
]
[2025-09-29 18:23:24] :INFO:Quit requested by user
[2025-09-29 18:23:24] :INFO:Application exited successfully
[2025-09-29 18:23:24] :INFO:Interface { name: "lo", addr: V4(Ifv4Addr { ip: 127.0.0.1, netmask: 255.0.0.0, broadcast: None }) }
[2025-09-29 18:23:24] :INFO:Interface { name: "wlan0", addr: V4(Ifv4Addr { ip: 192.168.3.107, netmask: 255.255.255.0, broadcast: Some(192.168.3.255) }) }
[2025-09-29 18:23:24] :INFO:Interface { name: "docker0", addr: V4(Ifv4Addr { ip: 172.17.0.1, netmask: 255.255.0.0, broadcast: Some(172.17.255.255) }) }
[2025-09-29 18:23:24] :INFO:Interface { name: "br-40d184eb0a9f", addr: V4(Ifv4Addr { ip: 172.18.0.1, netmask: 255.255.0.0, broadcast: Some(172.18.255.255) }) }
[2025-09-29 18:23:24] :INFO:Interface { name: "lo", addr: V6(Ifv6Addr { ip: ::1, netmask: ffff:ffff:ffff:ffff:ffff:ffff:ffff:ffff, broadcast: None }) }
[2025-09-29 18:26:11] :INFO:Application started
[2025-09-29 18:26:11] :INFO:get_ram_info init
[2025-09-29 18:26:11] :INFO:left_chunks: [
    Rect {
        x: 0,
        y: 0,
        width: 136,
        height: 65,
    },
    Rect {
        x: 0,
        y: 65,
        width: 136,
        height: 2,
    },
    Rect {
        x: 136,
        y: 0,
        width: 136,
        height: 65,
    },
    Rect {
        x: 136,
        y: 65,
        width: 136,
        height: 2,
    },
    Rect {
        x: 0,
        y: 67,
        width: 136,
        height: 1,
    },
    Rect {
        x: 0,
        y: 68,
        width: 136,
        height: 0,
    },
    Rect {
        x: 136,
        y: 67,
        width: 136,
        height: 1,
    },
    Rect {
        x: 136,
        y: 68,
        width: 136,
        height: 0,
    },
]
[2025-09-29 18:26:14] :INFO:Quit requested by user
[2025-09-29 18:26:14] :INFO:Application exited successfully
[2025-09-29 18:26:14] :INFO:IP: 77.40.61.246
[2025-09-29 18:33:55] :INFO:Application started
[2025-09-29 18:33:55] :INFO:get_ram_info init
[2025-09-29 18:33:55] :INFO:IP: 77.40.61.246
[2025-09-29 18:33:55] :INFO:left_chunks: [
    Rect {
        x: 0,
        y: 0,
        width: 136,
        height: 65,
    },
    Rect {
        x: 0,
        y: 65,
        width: 136,
        height: 2,
    },
    Rect {
        x: 136,
        y: 0,
        width: 136,
        height: 65,
    },
    Rect {
        x: 136,
        y: 65,
        width: 136,
        height: 2,
    },
    Rect {
        x: 0,
        y: 67,
        width: 136,
        height: 1,
    },
    Rect {
        x: 0,
        y: 68,
        width: 136,
        height: 0,
    },
    Rect {
        x: 136,
        y: 67,
        width: 136,
        height: 1,
    },
    Rect {
        x: 136,
        y: 68,
        width: 136,
        height: 0,
    },
]
[2025-09-29 18:33:56] :INFO:Quit requested by user
[2025-09-29 18:33:56] :INFO:Application exited successfully
[2025-09-29 18:43:49] :INFO:Application started
[2025-09-29 18:43:50] :INFO:get_ram_info init
[2025-09-29 18:43:50] :INFO:IP: 77.40.61.246
[2025-09-29 18:43:52] :INFO:Quit requested by user
[2025-09-29 18:43:52] :INFO:Application exited successfully
[2025-09-29 19:11:49] :INFO:Application started
[2025-09-29 19:11:49] :INFO:get_ram_info init
[2025-09-29 19:11:50] :INFO:IP: 77.40.61.246
[2025-09-29 19:11:50] :INFO:Latitude: 56.6376, Longitude: 47.905
[2025-09-29 19:11:54] :INFO:Quit requested by user
[2025-09-29 19:11:54] :INFO:Application exited successfully
[2025-09-29 19:25:50] :INFO:Application started
[2025-09-29 19:25:50] :INFO:get_ram_info init
[2025-09-29 19:25:51] :INFO:IP: 77.40.61.246
[2025-09-29 19:25:51] :INFO:Latitude: 56.6376, Longitude: 47.905
[2025-09-29 19:25:52] :INFO:Weather: Yoshkar-Ola: 276.31°C
[2025-09-29 19:25:54] :INFO:Quit requested by user
[2025-09-29 19:25:54] :INFO:Application exited successfully
[2025-09-29 20:13:14] :INFO:Application started
[2025-09-29 20:13:14] :INFO:get_ram_info init
[2025-09-29 20:13:14] :INFO:IP: 77.40.61.246
[2025-09-29 20:13:15] :INFO:Latitude: 56.6376, Longitude: 47.905
[2025-09-29 20:13:15] :INFO:Weather: Yoshkar-Ola: 275.74°C
[2025-09-29 20:13:17] :INFO:Quit requested by user
[2025-09-29 20:13:17] :INFO:Application exited successfully
[2025-09-29 20:14:44] :INFO:Application started
[2025-09-29 20:14:44] :INFO:get_ram_info init
[2025-09-29 20:14:44] :INFO:IP: 77.40.61.246
[2025-09-29 20:14:45] :INFO:Latitude: 56.6376, Longitude: 47.905
[2025-09-29 20:14:45] :INFO:Weather: Yoshkar-Ola: 2.590000000000032°C
[2025-09-29 20:14:48] :INFO:Quit requested by user
[2025-09-29 20:14:48] :INFO:Application exited successfully
[2025-09-29 20:17:53] :INFO:Application started
[2025-09-29 20:17:53] :INFO:get_ram_info init
[2025-09-29 20:17:53] :INFO:IP: 77.40.61.246
[2025-09-29 20:17:54] :INFO:Latitude: 56.6376, Longitude: 47.905
[2025-09-29 20:17:54] :INFO:Weather: Yo
[2025-09-29 20:17:55] :INFO:Quit requested by user
[2025-09-29 20:17:55] :INFO:Application exited successfully
[2025-09-29 20:18:14] :INFO:Application started
[2025-09-29 20:18:14] :INFO:get_ram_info init
[2025-09-29 20:18:14] :INFO:IP: 77.40.61.246
[2025-09-29 20:18:15] :INFO:Latitude: 56.6376, Longitude: 47.905
[2025-09-29 20:18:15] :INFO:Weather: Yo
[2025-09-29 20:24:02] :INFO:Application started
[2025-09-29 20:24:02] :INFO:get_ram_info init
[2025-09-29 20:24:02] :INFO:IP: 77.40.61.246
[2025-09-29 20:24:03] :INFO:Latitude: 56.6376, Longitude: 47.905
[2025-09-29 20:24:03] :INFO:Weather: Yoshkar-Ola (2.59°C)
[2025-09-29 20:25:04] :INFO:Quit requested by user
[2025-09-29 20:25:04] :INFO:Application exited successfully
[2025-09-29 20:25:06] :INFO:Application started
[2025-09-29 20:25:06] :INFO:get_ram_info init
[2025-09-29 20:25:06] :INFO:IP: 77.40.61.246
[2025-09-29 20:25:07] :INFO:Latitude: 56.6376, Longitude: 47.905
[2025-09-29 20:25:07] :INFO:Weather: Yoshkar-Ola (3.00°C)
[2025-09-29 20:28:08] :INFO:Quit requested by user
[2025-09-29 20:28:08] :INFO:Application exited successfully
[2025-09-29 20:28:10] :INFO:Application started
[2025-09-29 20:28:11] :INFO:get_ram_info init
[2025-09-29 20:28:11] :INFO:IP: 77.40.61.246
[2025-09-29 20:28:11] :INFO:Latitude: 56.6376, Longitude: 47.905
[2025-09-29 20:28:12] :INFO:Weather: Yoshkar-Ola (3°C)
[2025-09-29 20:31:35] :INFO:Quit requested by user
[2025-09-29 20:31:35] :INFO:Application exited successfully
[2025-09-29 21:26:43] :INFO:Application started
[2025-09-29 21:26:43] :INFO:get_ram_info init
[2025-09-29 21:26:44] :INFO:IP: 77.40.61.246
[2025-09-29 21:26:44] :INFO:Latitude: 56.6376, Longitude: 47.905
[2025-09-29 21:26:45] :INFO:Weather: Yoshkar-Ola (2°C)
[2025-09-29 21:29:59] :INFO:Application started
[2025-09-29 21:29:59] :INFO:get_ram_info init
[2025-09-29 21:30:00] :INFO:IP: 77.40.61.246
[2025-09-29 21:30:00] :INFO:Latitude: 56.6376, Longitude: 47.905
[2025-09-29 21:30:00] :INFO:Weather: Yoshkar-Ola (2°C)
[2025-09-29 21:37:34] :INFO:Application started
[2025-09-29 21:37:34] :INFO:get_ram_info init
[2025-09-29 21:37:35] :INFO:IP: 77.40.61.246
[2025-09-29 21:37:36] :INFO:Latitude: 56.6376, Longitude: 47.905
[2025-09-29 21:37:36] :INFO:Weather: Yoshkar-Ola (2°C)
[2025-09-29 21:37:44] :INFO:Quit requested by user
[2025-09-29 21:37:44] :INFO:Application exited successfully
[2025-09-29 21:43:35] :INFO:Application started
[2025-09-29 21:43:36] :INFO:get_ram_info init
[2025-09-29 21:43:37] :INFO:IP: 77.40.61.246
[2025-09-29 21:43:37] :INFO:Latitude: 56.6376, Longitude: 47.905
[2025-09-29 21:43:38] :INFO:Weather: Yoshkar-Ola (2°C)
[2025-09-29 21:50:48] :INFO:Quit requested by user
[2025-09-29 21:50:48] :INFO:Application exited successfully
[2025-09-29 22:01:10] :INFO:Application started
[2025-09-29 22:01:10] :INFO:get_ram_info init
[2025-09-29 22:01:11] :INFO:IP: 77.40.61.246
[2025-09-29 22:01:11] :INFO:Latitude: 56.6376, Longitude: 47.905
[2025-09-29 22:01:12] :INFO:Weather: Yoshkar-Ola (2°C)
[2025-09-29 22:01:16] :INFO:Quit requested by user
[2025-09-29 22:01:16] :INFO:Application exited successfully
[2025-09-29 22:03:33] :INFO:Application started
[2025-09-29 22:03:33] :INFO:get_ram_info init
[2025-09-29 22:03:34] :INFO:IP: 77.40.61.246
[2025-09-29 22:03:34] :INFO:Latitude: 56.6376, Longitude: 47.905
[2025-09-29 22:03:35] :INFO:Weather: Yoshkar-Ola (2°C)
[2025-09-29 22:06:37] :INFO:Quit requested by user
[2025-09-29 22:06:37] :INFO:Application exited successfully
[2025-09-29 22:06:38] :INFO:Application started
[2025-09-29 22:06:38] :INFO:get_ram_info init
[2025-09-29 22:06:39] :INFO:IP: 77.40.61.246
[2025-09-29 22:06:39] :INFO:Latitude: 56.6376, Longitude: 47.905
[2025-09-29 22:06:40] :INFO:Weather: Yoshkar-Ola (2°C)
[2025-09-29 22:06:46] :INFO:Quit requested by user
[2025-09-29 22:06:46] :INFO:Application exited successfully
[2025-09-29 22:15:02] :INFO:Application started
[2025-09-29 22:15:02] :INFO:get_ram_info init
[2025-09-29 22:15:03] :INFO:IP: 77.40.61.246
[2025-09-29 22:15:04] :INFO:Latitude: 56.6376, Longitude: 47.905
[2025-09-29 22:15:05] :INFO:Weather: Yoshkar-Ola (2°C)
[2025-09-29 22:15:08] :INFO:Quit requested by user
[2025-09-29 22:15:08] :INFO:Application exited successfully
[2025-09-29 22:24:36] :INFO:Application started
[2025-09-29 22:24:36] :INFO:get_ram_info init
[2025-09-29 22:24:37] :ERROR:error sending request for url (https://api.ipify.org/)
[2025-09-29 22:25:39] :INFO:Quit requested by user
[2025-09-29 22:25:39] :INFO:Application exited successfully
[2025-09-29 22:25:40] :INFO:Application started
[2025-09-29 22:25:40] :INFO:get_ram_info init
[2025-09-29 22:25:41] :INFO:IP: 77.40.61.246
[2025-09-29 22:25:42] :INFO:Latitude: 56.6376, Longitude: 47.905
[2025-09-29 22:25:42] :INFO:Weather: Yoshkar-Ola (2°C)
[2025-09-29 22:27:05] :INFO:Quit requested by user
[2025-09-29 22:27:05] :INFO:Application exited successfully
[2025-09-29 22:27:09] :INFO:Application started
[2025-09-29 22:27:09] :INFO:get_ram_info init
[2025-09-29 22:27:10] :ERROR:error sending request for url (https://api.ipify.org/)
[2025-09-29 22:27:53] :INFO:Quit requested by user
[2025-09-29 22:27:53] :INFO:Application exited successfully
[2025-09-29 22:27:57] :INFO:Application started
[2025-09-29 22:27:57] :INFO:get_ram_info init
[2025-09-29 22:27:58] :INFO:IP: 77.40.61.246
[2025-09-29 22:27:58] :INFO:Latitude: 56.6376, Longitude: 47.905
[2025-09-29 22:27:59] :INFO:Weather: Yoshkar-Ola (2°C)
[2025-09-29 22:28:08] :INFO:Quit requested by user
[2025-09-29 22:28:08] :INFO:Application exited successfully
[2025-09-29 22:39:28] :INFO:Application started
[2025-09-29 22:39:28] :INFO:get_ram_info init
[2025-09-29 22:39:29] :INFO:IP: 77.40.61.246
[2025-09-29 22:39:29] :INFO:Latitude: 56.6376, Longitude: 47.905
[2025-09-29 22:39:29] :INFO:Weather: Yoshkar-Ola (1°C)
[2025-09-29 22:39:49] :INFO:Quit requested by user
[2025-09-29 22:39:49] :INFO:Application exited successfully
[2025-09-29 23:01:02] :INFO:Application started
[2025-09-29 23:01:02] :INFO:get_ram_info init
[2025-09-29 23:01:03] :INFO:IP: 77.40.61.246
[2025-09-29 23:01:04] :INFO:Latitude: 56.6376, Longitude: 47.905
[2025-09-29 23:01:04] :INFO:Weather: Yoshkar-Ola (1°C)
[2025-09-29 23:01:07] :INFO:Quit requested by user
[2025-09-29 23:01:07] :INFO:Application exited successfully
[2025-09-29 23:09:59] :INFO:Application started
[2025-09-29 23:09:59] :INFO:get_ram_info init
[2025-09-29 23:10:00] :INFO:IP: 77.40.61.246
[2025-09-29 23:10:00] :INFO:Latitude: 56.6376, Longitude: 47.905
[2025-09-29 23:10:01] :INFO:Weather: Yoshkar-Ola (1°C)
[2025-09-29 23:10:03] :INFO:Quit requested by user
[2025-09-29 23:10:03] :INFO:Application exited successfully
[2025-09-29 23:45:29] :INFO:Application started
[2025-09-29 23:45:29] :INFO:get_ram_info init
[2025-09-29 23:45:30] :INFO:IP: 77.40.61.246
[2025-09-29 23:45:31] :INFO:Latitude: 56.6376, Longitude: 47.905
[2025-09-29 23:45:32] :INFO:Weather: Yoshkar-Ola (1°C)
[2025-09-29 23:45:35] :INFO:Quit requested by user
[2025-09-29 23:45:35] :INFO:Application exited successfully
[2025-09-30 00:22:24] :INFO:Application started
[2025-09-30 00:22:24] :INFO:get_ram_info init
[2025-09-30 00:22:25] :INFO:IP: 77.40.61.246
[2025-09-30 00:22:25] :INFO:Latitude: 56.6376, Longitude: 47.905
[2025-09-30 00:22:26] :INFO:Weather: Yoshkar-Ola (1°C)
[2025-09-30 00:22:27] :INFO:Quit requested by user
[2025-09-30 00:22:27] :INFO:Application exited successfully
[2025-09-30 01:38:41] :INFO:Application started
[2025-09-30 01:38:41] :INFO:get_ram_info init
[2025-09-30 01:38:42] :INFO:IP: 77.40.61.246
[2025-09-30 01:38:43] :INFO:Latitude: 56.6376, Longitude: 47.905
[2025-09-30 01:38:43] :INFO:Weather: Yoshkar-Ola (0°C)
[2025-09-30 01:38:52] :INFO:Quit requested by user
[2025-09-30 01:38:52] :INFO:Application exited successfully
[2025-09-30 01:43:46] :INFO:Application started
[2025-09-30 01:43:46] :INFO:get_ram_info init
[2025-09-30 01:43:47] :INFO:IP: 77.40.61.246
[2025-09-30 01:43:47] :INFO:Latitude: 56.6376, Longitude: 47.905
[2025-09-30 01:43:48] :INFO:Weather: Yoshkar-Ola (0°C)
[2025-09-30 01:44:55] :INFO:Quit requested by user
[2025-09-30 01:44:55] :INFO:Application exited successfully
[2025-09-30 01:59:06] :INFO:Application started
[2025-09-30 01:59:06] :INFO:get_ram_info init
[2025-09-30 01:59:07] :INFO:IP: 77.40.61.246
[2025-09-30 01:59:08] :INFO:Latitude: 56.6376, Longitude: 47.905
[2025-09-30 01:59:08] :INFO:Weather: Yoshkar-Ola (0°C)
[2025-09-30 01:59:10] :INFO:Quit requested by user
[2025-09-30 01:59:10] :INFO:Application exited successfully
[2025-09-30 10:58:02] :INFO:Application started
[2025-09-30 10:58:02] :INFO:get_ram_info init
[2025-09-30 10:58:03] :INFO:IP: 77.40.61.246
[2025-09-30 10:58:04] :INFO:Latitude: 56.6376, Longitude: 47.905
[2025-09-30 10:58:04] :INFO:Weather: Yoshkar-Ola (9°C)
[2025-09-30 10:58:10] :INFO:Quit requested by user
[2025-09-30 10:58:10] :INFO:Application exited successfully
[2025-09-30 11:04:51] :INFO:Application started
[2025-09-30 11:04:51] :INFO:get_ram_info init
[2025-09-30 11:04:52] :INFO:IP: 77.40.61.246
[2025-09-30 11:04:52] :INFO:Latitude: 56.6376, Longitude: 47.905
[2025-09-30 11:04:53] :INFO:Weather: Yoshkar-Ola (9°C)
[2025-09-30 11:13:12] :INFO:Quit requested by user
[2025-09-30 11:13:12] :INFO:Application exited successfully
[2025-09-30 11:56:16] INFO: Application started
[2025-09-30 11:56:16] INFO: get_ram_info init
[2025-09-30 11:56:17] INFO: IP: 77.40.61.246
[2025-09-30 11:56:17] INFO: Latitude: 56.6376, Longitude: 47.905
[2025-09-30 11:56:18] INFO: Weather: Yoshkar-Ola (10°C)
[2025-09-30 11:56:20] INFO: Quit requested by user
[2025-09-30 11:56:20] INFO: Application exited successfully
[2025-09-30 11:57:34] INFO: Application started
[2025-09-30 11:57:34] INFO: refresh_memory init
System { global CPU usage: 10.778221, load average: LoadAvg { one: 1.86, five: 1.97, fifteen: 2.37 }, total memory: 8095088640, free memory: 318062592, total swap: 4047499264, free swap: 221184, nb CPUs: 8, nb processes: 1649 }
[2025-09-30 11:57:34] INFO: get_ram_info init
[2025-09-30 11:57:35] INFO: IP: 77.40.61.246
[2025-09-30 11:57:36] INFO: Latitude: 56.6376, Longitude: 47.905
[2025-09-30 11:57:36] INFO: Weather: Yoshkar-Ola (10°C)
[2025-09-30 12:00:03] INFO: Quit requested by user
[2025-09-30 12:00:03] INFO: Application exited successfully
[2025-09-30 12:00:04] INFO: Application started
[2025-09-30 12:00:05] INFO: refresh_memory init
System { global CPU usage: 14.970061, load average: LoadAvg { one: 1.83, five: 1.92, fifteen: 2.28 }, total memory: 8095088640, free memory: 408952832, total swap: 4047499264, free swap: 77824, nb CPUs: 8, nb processes: 1722 }
[2025-09-30 12:00:05] INFO: get_ram_info init
[2025-09-30 12:00:06] INFO: IP: 77.40.61.246
[2025-09-30 12:00:08] ERROR: error decoding response body
[2025-09-30 12:00:15] INFO: Quit requested by user
[2025-09-30 12:00:15] INFO: Application exited successfully
[2025-09-30 12:00:16] INFO: Application started
[2025-09-30 12:00:16] INFO: refresh_memory init
System { global CPU usage: 10.742087, load average: LoadAvg { one: 1.77, five: 1.9, fifteen: 2.27 }, total memory: 8095088640, free memory: 356696064, total swap: 4047499264, free swap: 200704, nb CPUs: 8, nb processes: 1705 }
[2025-09-30 12:00:16] INFO: get_ram_info init
[2025-09-30 12:00:17] INFO: IP: 77.40.61.246
[2025-09-30 12:00:18] INFO: Latitude: 56.6376, Longitude: 47.905
[2025-09-30 12:00:18] INFO: Weather: Yoshkar-Ola (10°C)
[2025-09-30 12:00:22] INFO: Quit requested by user
[2025-09-30 12:00:22] INFO: Application exited successfully
[2025-09-30 12:38:34] :INFO:Application started
[2025-09-30 12:38:34] :INFO:get_ram_info init
[2025-09-30 12:38:35] :INFO:IP: 77.40.61.246
[2025-09-30 12:38:36] :INFO:Latitude: 56.6376, Longitude: 47.905
[2025-09-30 12:38:36] :INFO:Weather: Yoshkar-Ola (11°C)
[2025-09-30 13:22:39] INFO: Application started
[2025-09-30 13:22:39] INFO: refresh_memory init
System { global CPU usage: 8.535679, load average: LoadAvg { one: 1.14, five: 1.29, fifteen: 1.17 }, total memory: 8095080448, free memory: 420171776, total swap: 4047499264, free swap: 2914279424, nb CPUs: 8, nb processes: 1469 }
[2025-09-30 13:22:39] INFO: get_ram_info init
[2025-09-30 13:22:40] INFO: IP: 77.40.61.246
[2025-09-30 13:22:40] INFO: Latitude: 56.6376, Longitude: 47.905
[2025-09-30 13:22:41] INFO: Weather: Yoshkar-Ola (11°C)
[2025-09-30 13:22:45] INFO: Quit requested by user
[2025-09-30 13:22:45] INFO: Application exited successfully
[2025-09-30 16:54:46] INFO: Application started
[2025-09-30 16:54:46] INFO: refresh_memory init
System { global CPU usage: 8.473197, load average: LoadAvg { one: 2.06, five: 1.95, fifteen: 1.79 }, total memory: 8095080448, free memory: 365002752, total swap: 4047499264, free swap: 2472255488, nb CPUs: 8, nb processes: 1530 }
[2025-09-30 16:54:46] INFO: get_ram_info init
[2025-09-30 16:54:47] INFO: IP: 77.40.61.246
[2025-09-30 16:54:48] INFO: Latitude: 56.6376, Longitude: 47.905
[2025-09-30 16:54:50] INFO: Weather: Yoshkar-Ola (8°C)
[2025-09-30 16:54:51] INFO: Quit requested by user
[2025-09-30 16:54:51] INFO: Application exited successfully
[2025-09-30 17:04:03] INFO: Application started
[2025-09-30 17:04:03] INFO: refresh_memory init
System { global CPU usage: 8.551268, load average: LoadAvg { one: 2.1, five: 1.98, fifteen: 1.88 }, total memory: 8095080448, free memory: 308649984, total swap: 4047499264, free swap: 1707163648, nb CPUs: 8, nb processes: 1686 }
[2025-09-30 17:04:03] INFO: get_ram_info init
[2025-09-30 17:04:04] INFO: IP: 77.40.61.246
[2025-09-30 17:04:04] INFO: Latitude: 56.6376, Longitude: 47.905
[2025-09-30 17:04:05] INFO: Weather: Yoshkar-Ola (8°C)
[2025-09-30 17:04:10] INFO: Quit requested by user
[2025-09-30 17:04:10] INFO: Application exited successfully
[2025-09-30 17:04:16] INFO: Application started
[2025-09-30 17:04:16] INFO: refresh_memory init
System { global CPU usage: 8.554706, load average: LoadAvg { one: 1.78, five: 1.91, fifteen: 1.86 }, total memory: 8095080448, free memory: 437563392, total swap: 4047499264, free swap: 730763264, nb CPUs: 8, nb processes: 1691 }
[2025-09-30 17:04:16] INFO: get_ram_info init
[2025-09-30 17:04:17] INFO: IP: 77.40.61.246
[2025-09-30 17:04:17] INFO: Latitude: 56.6376, Longitude: 47.905
[2025-09-30 17:04:18] INFO: Weather: Yoshkar-Ola (8°C)
[2025-09-30 17:05:46] INFO: Quit requested by user
[2025-09-30 17:05:46] INFO: Application exited successfully
[2025-09-30 17:05:47] INFO: Application started
[2025-09-30 17:05:47] INFO: refresh_memory init
System { global CPU usage: 8.54256, load average: LoadAvg { one: 0.78, five: 1.55, fifteen: 1.73 }, total memory: 8095080448, free memory: 486346752, total swap: 4047499264, free swap: 480223232, nb CPUs: 8, nb processes: 1686 }
[2025-09-30 17:05:47] INFO: get_ram_info init
[2025-09-30 17:05:48] INFO: IP: 77.40.61.246
[2025-09-30 17:05:48] INFO: Latitude: 56.6376, Longitude: 47.905
[2025-09-30 17:05:49] INFO: Weather: Yoshkar-Ola (8°C)
[2025-09-30 17:05:53] INFO: Quit requested by user
[2025-09-30 17:05:53] INFO: Application exited successfully
[2025-09-30 17:57:05] INFO: Application started
[2025-09-30 17:57:05] INFO: refresh_memory init
System { global CPU usage: 6.1210403, load average: LoadAvg { one: 0.85, five: 0.81, fifteen: 0.39 }, total memory: 8095084544, free memory: 338755584, total swap: 4047499264, free swap: 2774876160, nb CPUs: 8, nb processes: 1160 }
[2025-09-30 17:57:05] INFO: ---
[2025-09-30 17:57:05] INFO: CPU: cpu0
[2025-09-30 17:57:05] INFO: Частота: 4138 MHz
[2025-09-30 17:57:05] INFO: Вендор: GenuineIntel
[2025-09-30 17:57:05] INFO: ---
[2025-09-30 17:57:05] INFO: ---
[2025-09-30 17:57:05] INFO: CPU: cpu1
[2025-09-30 17:57:05] INFO: Частота: 3128 MHz
[2025-09-30 17:57:05] INFO: Вендор: GenuineIntel
[2025-09-30 17:57:05] INFO: ---
[2025-09-30 17:57:05] INFO: ---
[2025-09-30 17:57:05] INFO: CPU: cpu2
[2025-09-30 17:57:05] INFO: Частота: 1108 MHz
[2025-09-30 17:57:05] INFO: Вендор: GenuineIntel
[2025-09-30 17:57:05] INFO: ---
[2025-09-30 17:57:05] INFO: ---
[2025-09-30 17:57:05] INFO: CPU: cpu3
[2025-09-30 17:57:05] INFO: Частота: 4156 MHz
[2025-09-30 17:57:05] INFO: Вендор: GenuineIntel
[2025-09-30 17:57:05] INFO: ---
[2025-09-30 17:57:05] INFO: ---
[2025-09-30 17:57:05] INFO: CPU: cpu4
[2025-09-30 17:57:05] INFO: Частота: 4198 MHz
[2025-09-30 17:57:05] INFO: Вендор: GenuineIntel
[2025-09-30 17:57:05] INFO: ---
[2025-09-30 17:57:05] INFO: ---
[2025-09-30 17:57:05] INFO: CPU: cpu5
[2025-09-30 17:57:05] INFO: Частота: 2002 MHz
[2025-09-30 17:57:05] INFO: Вендор: GenuineIntel
[2025-09-30 17:57:05] INFO: ---
[2025-09-30 17:57:05] INFO: ---
[2025-09-30 17:57:05] INFO: CPU: cpu6
[2025-09-30 17:57:05] INFO: Частота: 3314 MHz
[2025-09-30 17:57:05] INFO: Вендор: GenuineIntel
[2025-09-30 17:57:05] INFO: ---
[2025-09-30 17:57:05] INFO: ---
[2025-09-30 17:57:05] INFO: CPU: cpu7
[2025-09-30 17:57:05] INFO: Частота: 4152 MHz
[2025-09-30 17:57:05] INFO: Вендор: GenuineIntel
[2025-09-30 17:57:05] INFO: ---
[2025-09-30 17:57:05] INFO: get_ram_info init
[2025-09-30 17:57:06] INFO: IP: 77.40.61.246
[2025-09-30 17:57:07] INFO: Latitude: 56.6376, Longitude: 47.905
[2025-09-30 17:57:07] INFO: Weather: Yoshkar-Ola (6°C)
[2025-09-30 17:57:09] INFO: Quit requested by user
[2025-09-30 17:57:09] INFO: Application exited successfully
[2025-09-30 17:58:41] INFO: Application started
[2025-09-30 17:58:42] INFO: refresh_memory init
System { global CPU usage: 5.723478, load average: LoadAvg { one: 0.86, five: 0.81, fifteen: 0.44 }, total memory: 8095084544, free memory: 423337984, total swap: 4047499264, free swap: 2748715008, nb CPUs: 8, nb processes: 1153 }
[2025-09-30 17:58:42] INFO: CPU len 8
[2025-09-30 17:58:42] INFO: get_ram_info init
[2025-09-30 17:58:43] INFO: IP: 77.40.61.246
[2025-09-30 17:58:44] INFO: Latitude: 56.6376, Longitude: 47.905
[2025-09-30 17:58:44] INFO: Weather: Yoshkar-Ola (6°C)
[2025-09-30 17:58:44] INFO: Quit requested by user
[2025-09-30 17:58:44] INFO: Application exited successfully
[2025-09-30 18:03:07] INFO: Application started
[2025-09-30 18:03:07] INFO: refresh_memory init
System { global CPU usage: 5.2043915, load average: LoadAvg { one: 1.43, five: 0.97, fifteen: 0.59 }, total memory: 8095084544, free memory: 321605632, total swap: 4047499264, free swap: 2805088256, nb CPUs: 8, nb processes: 1190 }
[2025-09-30 18:03:07] INFO: CPU len 8
[2025-09-30 18:03:07] INFO: CPU brand: 11th Gen Intel(R) Core(TM) i5-1155G7 @ 2.50GHz
[2025-09-30 18:03:07] INFO: CPU frequency: 3528 MHz
[2025-09-30 18:03:07] INFO: get_ram_info init
[2025-09-30 18:03:08] INFO: IP: 77.40.61.246
[2025-09-30 18:03:08] INFO: Latitude: 56.6376, Longitude: 47.905
[2025-09-30 18:03:09] INFO: Weather: Yoshkar-Ola (6°C)
[2025-09-30 18:03:12] INFO: Quit requested by user
[2025-09-30 18:03:12] INFO: Application exited successfully
[2025-09-30 18:28:02] INFO: Application started
[2025-09-30 18:28:03] INFO: get_info init
[2025-09-30 18:28:03] INFO: CPU len 8
[2025-09-30 18:28:03] INFO: CPU brand: 11th Gen Intel(R) Core(TM) i5-1155G7 @ 2.50GHz
CPU frequency: 4300 MHz
[2025-09-30 18:28:04] INFO: IP: 77.40.61.246
[2025-09-30 18:28:04] INFO: Latitude: 56.6376, Longitude: 47.905
[2025-09-30 18:28:05] INFO: Weather: Yoshkar-Ola (6°C)
[2025-09-30 18:28:06] INFO: Quit requested by user
[2025-09-30 18:28:06] INFO: Application exited successfully
[2025-09-30 18:29:07] INFO: Application started
[2025-09-30 18:29:07] INFO: get_info init
[2025-09-30 18:29:07] INFO: CPU len 8
[2025-09-30 18:29:07] INFO: CPU brand: 11th Gen Intel(R) Core(TM) i5-1155G7 @ 2.50GHz
CPU frequency: 4300 MHz
[2025-09-30 18:29:08] INFO: IP: 77.40.61.246
[2025-09-30 18:29:09] INFO: Latitude: 56.6376, Longitude: 47.905
[2025-09-30 18:29:09] INFO: Weather: Yoshkar-Ola (6°C)
[2025-09-30 18:29:17] INFO: Quit requested by user
[2025-09-30 18:29:17] INFO: Application exited successfully
[2025-09-30 18:29:24] INFO: Application started
[2025-09-30 18:29:24] INFO: get_info init
[2025-09-30 18:29:24] INFO: CPU len 8
[2025-09-30 18:29:24] INFO: CPU brand: 11th Gen Intel(R) Core(TM) i5-1155G7 @ 2.50GHz
CPU frequency: 2637 MHz
[2025-09-30 18:29:25] INFO: IP: 77.40.61.246
[2025-09-30 18:29:25] INFO: Latitude: 56.6376, Longitude: 47.905
[2025-09-30 18:29:25] INFO: Quit requested by user
[2025-09-30 18:29:25] INFO: Application exited successfully
[2025-09-30 18:30:23] INFO: Application started
[2025-09-30 18:30:57] INFO: Application started
[2025-09-30 18:30:58] INFO: get_info init
[2025-09-30 18:30:58] INFO: CPU len 8
[2025-09-30 18:30:58] INFO: CPU brand: 11th Gen Intel(R) Core(TM) i5-1155G7 @ 2.50GHz
CPU frequency: 4299 MHz
[2025-09-30 18:30:58] INFO: IP: 77.40.61.246
[2025-09-30 18:30:59] INFO: Latitude: 56.6376, Longitude: 47.905
[2025-09-30 18:30:59] INFO: Quit requested by user
[2025-09-30 18:30:59] INFO: Application exited successfully
[2025-09-30 18:31:01] INFO: Application started
[2025-09-30 18:31:01] INFO: get_info init
[2025-09-30 18:31:01] INFO: CPU len 8
[2025-09-30 18:31:01] INFO: CPU brand: 11th Gen Intel(R) Core(TM) i5-1155G7 @ 2.50GHz
CPU frequency: 1615 MHz
[2025-09-30 18:31:02] INFO: IP: 77.40.61.246
[2025-09-30 18:31:02] INFO: Latitude: 56.6376, Longitude: 47.905
[2025-09-30 18:31:03] INFO: Weather: Yoshkar-Ola (6°C)
[2025-09-30 18:31:06] INFO: Quit requested by user
[2025-09-30 18:31:06] INFO: Application exited successfully
[2025-09-30 18:31:29] INFO: Application started
[2025-09-30 18:31:29] INFO: get_info init
[2025-09-30 18:31:29] INFO: CPU len 8
[2025-09-30 18:31:29] INFO: CPU brand: 11th Gen Intel(R) Core(TM) i5-1155G7 @ 2.50GHz
CPU frequency: 4130 MHz
[2025-09-30 18:31:30] INFO: IP: 77.40.61.246
[2025-09-30 18:31:31] INFO: Latitude: 56.6376, Longitude: 47.905
[2025-09-30 18:31:31] INFO: Weather: Yoshkar-Ola (6°C)
[2025-09-30 18:31:33] INFO: Quit requested by user
[2025-09-30 18:31:33] INFO: Application exited successfully
[2025-09-30 18:31:45] INFO: Application started
[2025-09-30 18:31:45] INFO: get_info init
[2025-09-30 18:31:45] INFO: CPU len 8
[2025-09-30 18:31:45] INFO: CPU brand: 11th Gen Intel(R) Core(TM) i5-1155G7 @ 2.50GHz
CPU frequency: 4293 MHz
[2025-09-30 18:31:46] INFO: IP: 77.40.61.246
[2025-09-30 18:31:46] INFO: Latitude: 56.6376, Longitude: 47.905
[2025-09-30 18:31:47] INFO: Weather: Yoshkar-Ola (6°C)
[2025-09-30 18:32:06] INFO: Quit requested by user
[2025-09-30 18:32:06] INFO: Application exited successfully
[2025-09-30 18:32:10] INFO: Application started
[2025-09-30 18:32:10] INFO: get_info init
[2025-09-30 18:32:10] INFO: CPU len 8
[2025-09-30 18:32:10] INFO: CPU brand: 11th Gen Intel(R) Core(TM) i5-1155G7 @ 2.50GHz
CPU frequency: 3595 MHz
[2025-09-30 18:32:11] INFO: IP: 77.40.61.246
[2025-09-30 18:32:21] INFO: Latitude: 56.6376, Longitude: 47.905
[2025-09-30 18:32:22] INFO: Weather: Yoshkar-Ola (6°C)
[2025-09-30 18:32:30] INFO: Quit requested by user
[2025-09-30 18:32:30] INFO: Application exited successfully
[2025-09-30 18:33:53] INFO: Application started
[2025-09-30 18:33:53] INFO: get_info init
[2025-09-30 18:33:53] INFO: CPU len 8
[2025-09-30 18:33:53] INFO: CPU brand: 11th Gen Intel(R) Core(TM) i5-1155G7 @ 2.50GHz
CPU frequency: 2813 MHz
[2025-09-30 18:33:54] INFO: IP: 77.40.61.246
[2025-09-30 18:33:54] INFO: Latitude: 56.6376, Longitude: 47.905
[2025-09-30 18:33:55] INFO: Weather: Yoshkar-Ola (6°C)
[2025-09-30 18:34:18] INFO: Quit requested by user
[2025-09-30 18:34:18] INFO: Application exited successfully
[2025-09-30 18:37:03] INFO: Application started
[2025-09-30 18:37:03] INFO: get_info init
[2025-09-30 18:37:03] INFO: CPU len 8
[2025-09-30 18:37:03] INFO: CPU brand: 11th Gen Intel(R) Core(TM) i5-1155G7 @ 2.50GHz
CPU frequency: 3844 MHz
[2025-09-30 18:37:04] INFO: IP: 77.40.61.246
[2025-09-30 18:37:04] INFO: Latitude: 56.6376, Longitude: 47.905
[2025-09-30 18:37:05] INFO: Weather: Yoshkar-Ola (6°C)
[2025-09-30 18:37:07] INFO: Quit requested by user
[2025-09-30 18:37:07] INFO: Application exited successfully
[2025-09-30 18:37:30] INFO: Application started
[2025-09-30 18:37:30] INFO: get_info init
[2025-09-30 18:37:30] INFO: CPU len 8
[2025-09-30 18:37:30] INFO: CPU brand: 11th Gen Intel(R) Core(TM) i5-1155G7 @ 2.50GHz
CPU frequency: 4212 MHz
[2025-09-30 18:37:31] INFO: IP: 77.40.61.246
[2025-09-30 18:37:31] INFO: Latitude: 56.6376, Longitude: 47.905
[2025-09-30 18:37:32] INFO: Weather: Yoshkar-Ola (6°C)
[2025-09-30 18:38:38] INFO: Quit requested by user
[2025-09-30 18:38:38] INFO: Application exited successfully
[2025-09-30 18:38:44] INFO: Application started
[2025-09-30 18:38:44] INFO: get_info init
[2025-09-30 18:38:44] INFO: CPU len 8
[2025-09-30 18:38:44] INFO: CPU brand: 11th Gen Intel(R) Core(TM) i5-1155G7 @ 2.50GHz
CPU frequency: 4300 MHz
[2025-09-30 18:38:45] INFO: IP: 77.40.61.246
[2025-09-30 18:38:49] INFO: Latitude: 56.6376, Longitude: 47.905
[2025-09-30 18:38:49] INFO: Weather: Yoshkar-Ola (6°C)
[2025-09-30 18:38:56] INFO: Quit requested by user
[2025-09-30 18:38:56] INFO: Application exited successfully
[2025-09-30 18:39:45] INFO: Application started
[2025-09-30 18:39:45] INFO: get_info init
[2025-09-30 18:39:45] INFO: CPU len 8
[2025-09-30 18:39:45] INFO: CPU brand: 11th Gen Intel(R) Core(TM) i5-1155G7 @ 2.50GHz
CPU frequency: 3035 MHz
[2025-09-30 18:39:46] INFO: IP: 77.40.61.246
[2025-09-30 18:39:47] INFO: Latitude: 56.6376, Longitude: 47.905
[2025-09-30 18:39:47] INFO: Weather: Yoshkar-Ola (6°C)
[2025-09-30 18:40:01] INFO: Quit requested by user
[2025-09-30 18:40:01] INFO: Application exited successfully
[2025-09-30 18:41:47] INFO: Application started
[2025-09-30 18:41:47] INFO: get_info init
[2025-09-30 18:41:47] INFO: CPU len 8
[2025-09-30 18:41:47] INFO: CPU brand: 11th Gen Intel(R) Core(TM) i5-1155G7 @ 2.50GHz
CPU frequency: 4073 MHz
[2025-09-30 18:41:48] INFO: IP: 77.40.61.246
[2025-09-30 18:41:49] INFO: Latitude: 56.6376, Longitude: 47.905
[2025-09-30 18:41:49] INFO: Weather: Yoshkar-Ola (6°C)
[2025-09-30 18:42:25] INFO: Quit requested by user
[2025-09-30 18:42:25] INFO: Application exited successfully
[2025-09-30 18:49:12] INFO: Application started
[2025-09-30 18:49:12] INFO: get_info init
[2025-09-30 18:49:12] INFO: CPU len 8
[2025-09-30 18:49:12] INFO: CPU brand: 11th Gen Intel(R) Core(TM) i5-1155G7 @ 2.50GHz
CPU frequency: 4300 MHz
[2025-09-30 18:49:13] INFO: IP: 77.40.61.246
[2025-09-30 18:49:14] INFO: Latitude: 56.6376, Longitude: 47.905
[2025-09-30 18:49:14] INFO: Weather: Yoshkar-Ola (6°C)
[2025-09-30 18:50:09] INFO: Quit requested by user
[2025-09-30 18:50:09] INFO: Application exited successfully
[2025-09-30 18:50:13] INFO: Application started
[2025-09-30 18:50:13] INFO: get_info init
[2025-09-30 18:50:13] INFO: CPU len 8
[2025-09-30 18:50:13] INFO: CPU brand: 11th Gen Intel(R) Core(TM) i5-1155G7 @ 2.50GHz
CPU frequency: 536 MHz
[2025-09-30 18:50:14] INFO: IP: 77.40.61.246
[2025-09-30 18:50:14] INFO: Latitude: 56.6376, Longitude: 47.905
[2025-09-30 18:50:15] INFO: Weather: Yoshkar-Ola (6°C)
[2025-09-30 18:50:20] INFO: Quit requested by user
[2025-09-30 18:50:20] INFO: Application exited successfully
[2025-09-30 18:51:10] INFO: Application started
[2025-09-30 18:51:11] INFO: get_info init
[2025-09-30 18:51:11] INFO: CPU len 8
[2025-09-30 18:51:11] INFO: CPU brand: 11th Gen Intel(R) Core(TM) i5-1155G7 @ 2.50GHz
CPU frequency: 3648 MHz
[2025-09-30 18:51:12] INFO: IP: 77.40.61.246
[2025-09-30 18:51:12] INFO: Latitude: 56.6376, Longitude: 47.905
[2025-09-30 18:51:13] INFO: Weather: Yoshkar-Ola (6°C)
[2025-09-30 18:51:48] INFO: Quit requested by user
[2025-09-30 18:51:48] INFO: Application exited successfully
[2025-09-30 18:51:49] INFO: Application started
[2025-09-30 18:51:49] INFO: get_info init
[2025-09-30 18:51:49] INFO: CPU len 8
[2025-09-30 18:51:49] INFO: CPU brand: 11th Gen Intel(R) Core(TM) i5-1155G7 @ 2.50GHz
CPU frequency: 4289 MHz
[2025-09-30 18:51:50] INFO: IP: 77.40.61.246
[2025-09-30 18:51:50] INFO: Latitude: 56.6376, Longitude: 47.905
[2025-09-30 18:51:51] INFO: Weather: Yoshkar-Ola (6°C)
[2025-09-30 18:52:11] INFO: Quit requested by user
[2025-09-30 18:52:11] INFO: Application exited successfully
[2025-09-30 18:52:13] INFO: Application started
[2025-09-30 18:52:13] INFO: get_info init
[2025-09-30 18:52:13] INFO: CPU len 8
[2025-09-30 18:52:13] INFO: CPU brand: 11th Gen Intel(R) Core(TM) i5-1155G7 @ 2.50GHz
CPU frequency: 421 MHz
[2025-09-30 18:52:14] INFO: IP: 77.40.61.246
[2025-09-30 18:52:15] INFO: Latitude: 56.6376, Longitude: 47.905
[2025-09-30 18:52:15] INFO: Weather: Yoshkar-Ola (6°C)
[2025-09-30 18:52:23] INFO: Quit requested by user
[2025-09-30 18:52:23] INFO: Application exited successfully
[2025-09-30 19:07:41] INFO: Application started
[2025-09-30 19:07:42] INFO: get_info init
[2025-09-30 19:07:42] INFO: CPU len 8
[2025-09-30 19:07:42] INFO: CPU brand: 11th Gen Intel(R) Core(TM) i5-1155G7 @ 2.50GHz
CPU frequency: 3682 MHz
[2025-09-30 19:07:43] INFO: IP: 77.40.61.246
[2025-09-30 19:07:43] INFO: Latitude: 56.6376, Longitude: 47.905
[2025-09-30 19:07:44] INFO: Weather: Yoshkar-Ola (6°C)
[2025-09-30 19:08:34] INFO: Quit requested by user
[2025-09-30 19:08:34] INFO: Application exited successfully
[2025-09-30 19:08:38] INFO: Application started
[2025-09-30 19:08:38] INFO: get_info init
[2025-09-30 19:08:38] INFO: CPU len 8
[2025-09-30 19:08:38] INFO: CPU brand: 11th Gen Intel(R) Core(TM) i5-1155G7 @ 2.50GHz
CPU frequency: 4300 MHz
[2025-09-30 19:09:01] INFO: Application started
[2025-09-30 19:09:01] INFO: get_info init
[2025-09-30 19:09:01] INFO: CPU len 8
[2025-09-30 19:09:01] INFO: CPU brand: 11th Gen Intel(R) Core(TM) i5-1155G7 @ 2.50GHz
CPU frequency: 3034 MHz
[2025-09-30 19:09:02] INFO: IP: 77.40.61.246
[2025-09-30 19:09:02] INFO: Latitude: 56.6376, Longitude: 47.905
[2025-09-30 19:09:02] INFO: Weather: Yoshkar-Ola (6°C)
[2025-09-30 19:09:14] INFO: Quit requested by user
[2025-09-30 19:09:14] INFO: Application exited successfully
[2025-09-30 19:09:42] INFO: Application started
[2025-09-30 19:09:42] INFO: get_info init
[2025-09-30 19:09:42] INFO: CPU len 8
[2025-09-30 19:09:42] INFO: CPU brand: 11th Gen Intel(R) Core(TM) i5-1155G7 @ 2.50GHz
CPU frequency: 3629 MHz
[2025-09-30 19:09:43] INFO: IP: 77.40.61.246
[2025-09-30 19:09:44] INFO: Latitude: 56.6376, Longitude: 47.905
[2025-09-30 19:09:44] INFO: Weather: Yoshkar-Ola (6°C)
[2025-09-30 19:10:24] INFO: Quit requested by user
[2025-09-30 19:10:24] INFO: Application exited successfully
[2025-09-30 19:10:26] INFO: Application started
[2025-09-30 19:10:26] INFO: get_info init
[2025-09-30 19:10:26] INFO: CPU len 8
[2025-09-30 19:10:26] INFO: CPU brand: 11th Gen Intel(R) Core(TM) i5-1155G7 @ 2.50GHz
CPU frequency: 3979 MHz
[2025-09-30 19:10:27] INFO: IP: 77.40.61.246
[2025-09-30 19:10:28] INFO: Latitude: 56.6376, Longitude: 47.905
[2025-09-30 19:10:28] INFO: Weather: Yoshkar-Ola (6°C)
[2025-09-30 19:10:34] INFO: Quit requested by user
[2025-09-30 19:10:34] INFO: Application exited successfully
[2025-09-30 19:10:53] INFO: Application started
[2025-09-30 19:10:54] INFO: get_info init
[2025-09-30 19:10:54] INFO: CPU len 8
[2025-09-30 19:10:54] INFO: CPU brand: 11th Gen Intel(R) Core(TM) i5-1155G7 @ 2.50GHz
CPU frequency: 2961 MHz
[2025-09-30 19:10:55] INFO: IP: 77.40.61.246
[2025-09-30 19:10:55] INFO: Quit requested by user
[2025-09-30 19:10:55] INFO: Application exited successfully
[2025-09-30 19:11:13] INFO: Application started
[2025-09-30 19:11:13] INFO: get_info init
[2025-09-30 19:11:13] INFO: CPU len 8
[2025-09-30 19:11:13] INFO: CPU brand: 11th Gen Intel(R) Core(TM) i5-1155G7 @ 2.50GHz
CPU frequency: 4300 MHz
[2025-09-30 19:11:14] INFO: IP: 77.40.61.246
[2025-09-30 19:11:15] INFO: Latitude: 56.6376, Longitude: 47.905
[2025-09-30 19:11:15] INFO: Weather: Yoshkar-Ola (6°C)
[2025-09-30 19:11:59] INFO: Quit requested by user
[2025-09-30 19:11:59] INFO: Application exited successfully
[2025-09-30 19:12:01] INFO: Application started
[2025-09-30 19:12:01] INFO: get_info init
[2025-09-30 19:12:01] INFO: CPU len 8
[2025-09-30 19:12:01] INFO: CPU brand: 11th Gen Intel(R) Core(TM) i5-1155G7 @ 2.50GHz
CPU frequency: 4300 MHz
[2025-09-30 19:12:02] INFO: IP: 77.40.61.246
[2025-09-30 19:12:03] INFO: Latitude: 56.6376, Longitude: 47.905
[2025-09-30 19:12:03] INFO: Weather: Yoshkar-Ola (6°C)
[2025-09-30 19:12:26] INFO: Quit requested by user
[2025-09-30 19:12:26] INFO: Application exited successfully
[2025-09-30 19:12:38] INFO: Application started
[2025-09-30 19:12:39] INFO: get_info init
[2025-09-30 19:12:39] INFO: CPU len 8
[2025-09-30 19:12:39] INFO: CPU brand: 11th Gen Intel(R) Core(TM) i5-1155G7 @ 2.50GHz
CPU frequency: 4075 MHz
[2025-09-30 19:12:40] INFO: IP: 77.40.61.246
[2025-09-30 19:12:40] INFO: Latitude: 56.6376, Longitude: 47.905
[2025-09-30 19:12:40] INFO: Weather: Yoshkar-Ola (6°C)
[2025-09-30 19:12:43] INFO: Quit requested by user
[2025-09-30 19:12:43] INFO: Application exited successfully
[2025-09-30 19:13:18] INFO: Application started
[2025-09-30 19:13:18] INFO: get_info init
[2025-09-30 19:13:18] INFO: CPU len 8
[2025-09-30 19:13:18] INFO: CPU brand: 11th Gen Intel(R) Core(TM) i5-1155G7 @ 2.50GHz
CPU frequency: 4213 MHz
[2025-09-30 19:13:19] INFO: IP: 77.40.61.246
[2025-09-30 19:13:19] INFO: Latitude: 56.6376, Longitude: 47.905
[2025-09-30 19:13:20] INFO: Weather: Yoshkar-Ola (6°C)
[2025-09-30 19:13:22] INFO: Quit requested by user
[2025-09-30 19:13:22] INFO: Application exited successfully
[2025-09-30 19:14:22] INFO: Application started
[2025-09-30 19:14:22] INFO: get_info init
[2025-09-30 19:14:22] INFO: CPU len 8
[2025-09-30 19:14:22] INFO: CPU brand: 11th Gen Intel(R) Core(TM) i5-1155G7 @ 2.50GHz
CPU frequency: 2450 MHz
[2025-09-30 19:14:23] INFO: IP: 77.40.61.246
[2025-09-30 19:14:23] INFO: Latitude: 56.6376, Longitude: 47.905
[2025-09-30 19:14:23] INFO: Weather: Yoshkar-Ola (6°C)
[2025-09-30 19:15:15] INFO: Quit requested by user
[2025-09-30 19:15:15] INFO: Application exited successfully
[2025-09-30 19:15:16] INFO: Application started
[2025-09-30 19:15:16] INFO: get_info init
[2025-09-30 19:15:16] INFO: CPU len 8
[2025-09-30 19:15:16] INFO: CPU brand: 11th Gen Intel(R) Core(TM) i5-1155G7 @ 2.50GHz
CPU frequency: 2309 MHz
[2025-09-30 19:15:17] INFO: IP: 77.40.61.246
[2025-09-30 19:15:17] INFO: Latitude: 56.6376, Longitude: 47.905
[2025-09-30 19:15:18] INFO: Weather: Yoshkar-Ola (6°C)
[2025-09-30 19:15:20] INFO: Quit requested by user
[2025-09-30 19:15:20] INFO: Application exited successfully
[2025-09-30 19:15:47] INFO: Application started
[2025-09-30 19:15:47] INFO: get_info init
[2025-09-30 19:15:47] INFO: CPU len 8
[2025-09-30 19:15:47] INFO: CPU brand: 11th Gen Intel(R) Core(TM) i5-1155G7 @ 2.50GHz
CPU frequency: 3930 MHz
[2025-09-30 19:15:48] INFO: IP: 77.40.61.246
[2025-09-30 19:15:48] INFO: Latitude: 56.6376, Longitude: 47.905
[2025-09-30 19:15:49] INFO: Weather: Yoshkar-Ola (6°C)
[2025-09-30 19:16:03] INFO: Quit requested by user
[2025-09-30 19:16:03] INFO: Application exited successfully
[2025-09-30 19:16:13] INFO: Application started
[2025-09-30 19:16:13] INFO: get_info init
[2025-09-30 19:16:13] INFO: CPU len 8
[2025-09-30 19:16:13] INFO: CPU brand: 11th Gen Intel(R) Core(TM) i5-1155G7 @ 2.50GHz
CPU frequency: 848 MHz
[2025-09-30 19:16:14] INFO: IP: 77.40.61.246
[2025-09-30 19:16:14] INFO: Latitude: 56.6376, Longitude: 47.905
[2025-09-30 19:16:14] INFO: Weather: Yoshkar-Ola (6°C)
[2025-09-30 19:16:34] INFO: Quit requested by user
[2025-09-30 19:16:34] INFO: Application exited successfully
[2025-09-30 19:23:36] INFO: Application started
[2025-09-30 19:23:36] INFO: get_info init
[2025-09-30 19:23:36] INFO: CPU len 8
[2025-09-30 19:23:36] INFO: CPU brand: 11th Gen Intel(R) Core(TM) i5-1155G7 @ 2.50GHz
CPU frequency: 4006 MHz
[2025-09-30 19:23:37] INFO: IP: 77.40.61.246
[2025-09-30 19:23:37] INFO: Latitude: 56.6376, Longitude: 47.905
[2025-09-30 19:23:38] INFO: Weather: Yoshkar-Ola (6°C)
[2025-09-30 19:23:51] INFO: Quit requested by user
[2025-09-30 19:23:51] INFO: Application exited successfully
[2025-09-30 19:23:53] INFO: Application started
[2025-09-30 19:23:53] INFO: get_info init
[2025-09-30 19:23:53] INFO: CPU len 8
[2025-09-30 19:23:53] INFO: CPU brand: 11th Gen Intel(R) Core(TM) i5-1155G7 @ 2.50GHz
CPU frequency: 4217 MHz
[2025-09-30 19:23:54] INFO: IP: 77.40.61.246
[2025-09-30 19:23:54] INFO: Latitude: 56.6376, Longitude: 47.905
[2025-09-30 19:23:55] INFO: Weather: Yoshkar-Ola (6°C)
[2025-09-30 19:24:23] INFO: Quit requested by user
[2025-09-30 19:24:23] INFO: Application exited successfully
[2025-09-30 19:24:25] INFO: Application started
[2025-09-30 19:24:25] INFO: get_info init
[2025-09-30 19:24:25] INFO: CPU len 8
[2025-09-30 19:24:25] INFO: CPU brand: 11th Gen Intel(R) Core(TM) i5-1155G7 @ 2.50GHz
CPU frequency: 4300 MHz
[2025-09-30 19:24:26] INFO: IP: 77.40.61.246
[2025-09-30 19:24:26] INFO: Latitude: 56.6376, Longitude: 47.905
[2025-09-30 19:24:27] INFO: Weather: Yoshkar-Ola (6°C)
[2025-09-30 19:24:30] INFO: Quit requested by user
[2025-09-30 19:24:30] INFO: Application exited successfully
[2025-09-30 19:25:02] INFO: Application started
[2025-09-30 19:25:02] INFO: get_info init
[2025-09-30 19:25:02] INFO: CPU len 8
[2025-09-30 19:25:02] INFO: CPU brand: 11th Gen Intel(R) Core(TM) i5-1155G7 @ 2.50GHz
CPU frequency: 4111 MHz
[2025-09-30 19:25:03] INFO: IP: 77.40.61.246
[2025-09-30 19:25:03] INFO: Latitude: 56.6376, Longitude: 47.905
[2025-09-30 19:25:04] INFO: Weather: Yoshkar-Ola (6°C)
[2025-09-30 19:25:05] INFO: Quit requested by user
[2025-09-30 19:25:05] INFO: Application exited successfully
[2025-09-30 19:25:14] INFO: Application started
[2025-09-30 19:25:14] INFO: get_info init
[2025-09-30 19:25:14] INFO: CPU len 8
[2025-09-30 19:25:14] INFO: CPU brand: 11th Gen Intel(R) Core(TM) i5-1155G7 @ 2.50GHz
CPU frequency: 3424 MHz
[2025-09-30 19:25:15] INFO: IP: 77.40.61.246
[2025-09-30 19:25:15] INFO: Latitude: 56.6376, Longitude: 47.905
[2025-09-30 19:25:16] INFO: Weather: Yoshkar-Ola (6°C)
[2025-09-30 19:25:24] INFO: Quit requested by user
[2025-09-30 19:25:24] INFO: Application exited successfully
[2025-09-30 19:27:55] INFO: Application started
[2025-09-30 19:27:55] INFO: get_info init
[2025-09-30 19:27:55] INFO: CPU len 8
[2025-09-30 19:27:55] INFO: CPU brand: 11th Gen Intel(R) Core(TM) i5-1155G7 @ 2.50GHz
CPU frequency: 756 MHz
[2025-09-30 19:27:56] INFO: IP: 77.40.61.246
[2025-09-30 19:27:56] INFO: Latitude: 56.6376, Longitude: 47.905
[2025-09-30 19:27:57] INFO: Weather: Yoshkar-Ola (6°C)
[2025-09-30 19:27:57] INFO: Quit requested by user
[2025-09-30 19:27:57] INFO: Application exited successfully
[2025-09-30 19:28:31] INFO: Application started
[2025-09-30 19:28:31] INFO: get_info init
[2025-09-30 19:28:31] INFO: CPU len 8
[2025-09-30 19:28:31] INFO: CPU brand: 11th Gen Intel(R) Core(TM) i5-1155G7 @ 2.50GHz
CPU frequency: 2143 MHz
[2025-09-30 19:28:32] INFO: IP: 77.40.61.246
[2025-09-30 19:28:33] INFO: Latitude: 56.6376, Longitude: 47.905
[2025-09-30 19:28:33] INFO: Weather: Yoshkar-Ola (6°C)
[2025-09-30 19:28:36] INFO: Quit requested by user
[2025-09-30 19:28:36] INFO: Application exited successfully
[2025-09-30 19:32:31] INFO: Application started
[2025-09-30 19:32:31] INFO: get_info init
[2025-09-30 19:32:31] INFO: CPU len 8
[2025-09-30 19:32:31] INFO: CPU brand: 11th Gen Intel(R) Core(TM) i5-1155G7 @ 2.50GHz
CPU frequency: 3736 MHz
[2025-09-30 19:32:32] INFO: IP: 77.40.61.246
[2025-09-30 19:32:33] INFO: Latitude: 56.6376, Longitude: 47.905
[2025-09-30 19:32:33] INFO: Weather: Yoshkar-Ola (6°C)
[2025-09-30 19:32:42] INFO: Quit requested by user
[2025-09-30 19:32:42] INFO: Application exited successfully
[2025-09-30 19:33:00] INFO: Application started
[2025-09-30 19:33:00] INFO: get_info init
[2025-09-30 19:33:00] INFO: CPU len 8
[2025-09-30 19:33:00] INFO: CPU brand: 11th Gen Intel(R) Core(TM) i5-1155G7 @ 2.50GHz
CPU frequency: 1453 MHz
[2025-09-30 19:33:01] INFO: IP: 77.40.61.246
[2025-09-30 19:33:01] INFO: Latitude: 56.6376, Longitude: 47.905
[2025-09-30 19:33:01] INFO: Weather: Yoshkar-Ola (6°C)
[2025-09-30 19:33:04] INFO: Quit requested by user
[2025-09-30 19:33:04] INFO: Application exited successfully
[2025-09-30 19:33:23] INFO: Application started
[2025-09-30 19:33:23] INFO: get_info init
[2025-09-30 19:33:23] INFO: CPU len 8
[2025-09-30 19:33:23] INFO: CPU brand: 11th Gen Intel(R) Core(TM) i5-1155G7 @ 2.50GHz
CPU frequency: 1746 MHz
[2025-09-30 19:33:24] INFO: IP: 77.40.61.246
[2025-09-30 19:33:24] INFO: Latitude: 56.6376, Longitude: 47.905
[2025-09-30 19:33:25] INFO: Weather: Yoshkar-Ola (6°C)
[2025-09-30 19:33:27] INFO: Quit requested by user
[2025-09-30 19:33:27] INFO: Application exited successfully
[2025-09-30 19:33:38] INFO: Application started
[2025-09-30 19:33:38] INFO: get_info init
[2025-09-30 19:33:38] INFO: CPU len 8
[2025-09-30 19:33:38] INFO: CPU brand: 11th Gen Intel(R) Core(TM) i5-1155G7 @ 2.50GHz
CPU frequency: 4210 MHz
[2025-09-30 19:33:39] INFO: IP: 77.40.61.246
[2025-09-30 19:33:39] INFO: Latitude: 56.6376, Longitude: 47.905
[2025-09-30 19:33:39] INFO: Weather: Yoshkar-Ola (6°C)
[2025-09-30 19:33:53] INFO: Quit requested by user
[2025-09-30 19:33:53] INFO: Application exited successfully
[2025-09-30 19:34:50] INFO: Application started
[2025-09-30 19:34:50] INFO: get_info init
[2025-09-30 19:34:50] INFO: CPU len 8
[2025-09-30 19:34:50] INFO: CPU brand: 11th Gen Intel(R) Core(TM) i5-1155G7 @ 2.50GHz
CPU frequency: 1541 MHz
[2025-09-30 19:34:51] INFO: IP: 77.40.61.246
[2025-09-30 19:34:51] INFO: Latitude: 56.6376, Longitude: 47.905
[2025-09-30 19:34:51] INFO: Weather: Yoshkar-Ola (5°C)
[2025-09-30 19:35:26] INFO: Quit requested by user
[2025-09-30 19:35:26] INFO: Application exited successfully
[2025-09-30 19:35:28] INFO: Application started
[2025-09-30 19:35:28] INFO: get_info init
[2025-09-30 19:35:28] INFO: CPU len 8
[2025-09-30 19:35:28] INFO: CPU brand: 11th Gen Intel(R) Core(TM) i5-1155G7 @ 2.50GHz
CPU frequency: 1470 MHz
[2025-09-30 19:35:29] INFO: IP: 77.40.61.246
[2025-09-30 19:35:30] INFO: Latitude: 56.6376, Longitude: 47.905
[2025-09-30 19:35:30] INFO: Weather: Yoshkar-Ola (5°C)
[2025-09-30 19:35:43] INFO: Quit requested by user
[2025-09-30 19:35:43] INFO: Application exited successfully
[2025-09-30 19:35:53] INFO: Application started
[2025-09-30 19:35:53] INFO: get_info init
[2025-09-30 19:35:53] INFO: CPU len 8
[2025-09-30 19:35:53] INFO: CPU brand: 11th Gen Intel(R) Core(TM) i5-1155G7 @ 2.50GHz
CPU frequency: 4300 MHz
[2025-09-30 19:35:54] INFO: IP: 77.40.61.246
[2025-09-30 19:35:54] INFO: Latitude: 56.6376, Longitude: 47.905
[2025-09-30 19:35:54] INFO: Quit requested by user
[2025-09-30 19:35:54] INFO: Application exited successfully
[2025-09-30 19:36:10] INFO: Application started
[2025-09-30 19:36:10] INFO: get_info init
[2025-09-30 19:36:10] INFO: CPU len 8
[2025-09-30 19:36:10] INFO: CPU brand: 11th Gen Intel(R) Core(TM) i5-1155G7 @ 2.50GHz
CPU frequency: 463 MHz
[2025-09-30 19:36:11] INFO: IP: 77.40.61.246
[2025-09-30 19:36:11] INFO: Latitude: 56.6376, Longitude: 47.905
[2025-09-30 19:36:11] INFO: Weather: Yoshkar-Ola (5°C)
[2025-09-30 20:09:06] INFO: Application started
[2025-09-30 20:09:06] INFO: get_info init
[2025-09-30 20:09:06] INFO: CPU len 8
[2025-09-30 20:09:06] INFO: CPU brand: 11th Gen Intel(R) Core(TM) i5-1155G7 @ 2.50GHz
CPU frequency: 553 MHz
[2025-09-30 20:09:07] INFO: IP: 77.40.61.246
[2025-09-30 20:09:07] INFO: Latitude: 56.6376, Longitude: 47.905
[2025-09-30 20:09:08] INFO: Weather: Yoshkar-Ola (5°C)
[2025-09-30 20:09:11] INFO: Quit requested by user
[2025-09-30 20:09:11] INFO: Application exited successfully
[2025-09-30 20:13:35] INFO: Application started
[2025-09-30 20:13:35] INFO: get_info init
[2025-09-30 20:13:35] INFO: CPU len 8
[2025-09-30 20:13:35] INFO: CPU brand: 11th Gen Intel(R) Core(TM) i5-1155G7 @ 2.50GHz
CPU frequency: 4300 MHz
[2025-09-30 20:13:35] INFO: IP: 77.40.61.246
[2025-09-30 20:13:37] INFO: Latitude: 56.6376, Longitude: 47.905
[2025-09-30 20:13:37] INFO: Weather: Yoshkar-Ola (5°C)
[2025-09-30 20:13:41] INFO: Quit requested by user
[2025-09-30 20:13:41] INFO: Application exited successfully
[2025-09-30 20:15:32] INFO: Application started
[2025-09-30 20:15:32] INFO: get_info init
[2025-09-30 20:15:32] INFO: CPU len 8
[2025-09-30 20:15:32] INFO: CPU brand: 11th Gen Intel(R) Core(TM) i5-1155G7 @ 2.50GHz
CPU frequency: 3293 MHz
[2025-09-30 20:15:33] INFO: IP: 77.40.61.246
[2025-09-30 20:15:34] INFO: Latitude: 56.6376, Longitude: 47.905
[2025-09-30 20:15:34] INFO: Weather: Yoshkar-Ola (5°C)
[2025-09-30 20:15:35] INFO: Quit requested by user
[2025-09-30 20:15:35] INFO: Application exited successfully
[2025-09-30 20:15:50] INFO: Application started
[2025-09-30 20:15:50] INFO: get_info init
[2025-09-30 20:15:50] INFO: CPU len 8
[2025-09-30 20:15:50] INFO: CPU brand: 11th Gen Intel(R) Core(TM) i5-1155G7 @ 2.50GHz
CPU frequency: 4014 MHz
[2025-09-30 20:15:51] INFO: IP: 77.40.61.246
[2025-09-30 20:15:51] INFO: Latitude: 56.6376, Longitude: 47.905
[2025-09-30 20:15:51] INFO: Weather: Yoshkar-Ola (5°C)
[2025-09-30 20:15:57] INFO: Quit requested by user
[2025-09-30 20:15:57] INFO: Application exited successfully
[2025-09-30 20:16:21] INFO: Application started
[2025-09-30 20:16:21] INFO: get_info init
[2025-09-30 20:16:21] INFO: CPU len 8
[2025-09-30 20:16:21] INFO: CPU brand: 11th Gen Intel(R) Core(TM) i5-1155G7 @ 2.50GHz
CPU frequency: 4233 MHz
[2025-09-30 20:16:22] INFO: IP: 77.40.61.246
[2025-09-30 20:16:23] INFO: Latitude: 56.6376, Longitude: 47.905
[2025-09-30 20:16:23] INFO: Weather: Yoshkar-Ola (5°C)
[2025-09-30 20:16:26] INFO: Quit requested by user
[2025-09-30 20:16:26] INFO: Application exited successfully
[2025-09-30 20:17:00] INFO: Application started
[2025-09-30 20:17:00] INFO: get_info init
[2025-09-30 20:17:00] INFO: CPU len 8
[2025-09-30 20:17:00] INFO: CPU brand: 11th Gen Intel(R) Core(TM) i5-1155G7 @ 2.50GHz
CPU frequency: 907 MHz
[2025-09-30 20:17:01] INFO: IP: 77.40.61.246
[2025-09-30 20:17:01] INFO: Latitude: 56.6376, Longitude: 47.905
[2025-09-30 20:17:01] INFO: Weather: Yoshkar-Ola (5°C)
[2025-09-30 20:17:02] INFO: Quit requested by user
[2025-09-30 20:17:02] INFO: Application exited successfully
[2025-09-30 20:17:21] INFO: Application started
[2025-09-30 20:17:21] INFO: get_info init
[2025-09-30 20:17:21] INFO: CPU len 8
[2025-09-30 20:17:21] INFO: CPU brand: 11th Gen Intel(R) Core(TM) i5-1155G7 @ 2.50GHz
CPU frequency: 892 MHz
[2025-09-30 20:17:22] INFO: IP: 77.40.61.246
[2025-09-30 20:17:23] INFO: Quit requested by user
[2025-09-30 20:17:23] INFO: Application exited successfully
[2025-09-30 20:18:12] INFO: Application started
[2025-09-30 20:18:12] INFO: get_info init
[2025-09-30 20:18:12] INFO: CPU len 8
[2025-09-30 20:18:12] INFO: CPU brand: 11th Gen Intel(R) Core(TM) i5-1155G7 @ 2.50GHz
CPU frequency: 4300 MHz
[2025-09-30 20:18:13] INFO: IP: 77.40.61.246
[2025-09-30 20:18:13] INFO: Latitude: 56.6376, Longitude: 47.905
[2025-09-30 20:18:14] INFO: Weather: Yoshkar-Ola (5°C)
[2025-09-30 20:18:20] INFO: Quit requested by user
[2025-09-30 20:18:20] INFO: Application exited successfully
[2025-09-30 20:18:54] INFO: Application started
[2025-09-30 20:18:54] INFO: get_info init
[2025-09-30 20:18:54] INFO: CPU len 8
[2025-09-30 20:18:54] INFO: CPU brand: 11th Gen Intel(R) Core(TM) i5-1155G7 @ 2.50GHz
CPU frequency: 2598 MHz
[2025-09-30 20:18:55] INFO: IP: 77.40.61.246
[2025-09-30 20:18:55] INFO: Latitude: 56.6376, Longitude: 47.905
[2025-09-30 20:18:55] INFO: Weather: Yoshkar-Ola (5°C)
[2025-09-30 20:18:56] INFO: Quit requested by user
[2025-09-30 20:18:56] INFO: Application exited successfully
[2025-09-30 20:19:29] INFO: Application started
[2025-09-30 20:19:29] INFO: get_info init
[2025-09-30 20:19:29] INFO: CPU len 8
[2025-09-30 20:19:29] INFO: CPU brand: 11th Gen Intel(R) Core(TM) i5-1155G7 @ 2.50GHz
CPU frequency: 4205 MHz
[2025-09-30 20:19:29] INFO: IP: 77.40.61.246
[2025-09-30 20:19:31] INFO: Latitude: 56.6376, Longitude: 47.905
[2025-09-30 20:19:31] INFO: Weather: Yoshkar-Ola (5°C)
[2025-09-30 20:19:38] INFO: Quit requested by user
[2025-09-30 20:19:38] INFO: Application exited successfully
[2025-09-30 20:20:28] INFO: Application started
[2025-09-30 20:20:28] INFO: get_info init
[2025-09-30 20:20:28] INFO: CPU len 8
[2025-09-30 20:20:28] INFO: CPU brand: 11th Gen Intel(R) Core(TM) i5-1155G7 @ 2.50GHz
CPU frequency: 4181 MHz
[2025-09-30 20:20:29] INFO: IP: 77.40.61.246
[2025-09-30 20:20:30] INFO: Latitude: 56.6376, Longitude: 47.905
[2025-09-30 20:20:30] INFO: Weather: Yoshkar-Ola (5°C)
[2025-09-30 20:20:40] INFO: Quit requested by user
[2025-09-30 20:20:40] INFO: Application exited successfully
[2025-09-30 20:21:25] INFO: Application started
[2025-09-30 20:21:25] INFO: get_info init
[2025-09-30 20:21:25] INFO: CPU len 8
[2025-09-30 20:21:25] INFO: CPU brand: 11th Gen Intel(R) Core(TM) i5-1155G7 @ 2.50GHz
CPU frequency: 1538 MHz
[2025-09-30 20:21:26] INFO: IP: 77.40.61.246
[2025-09-30 20:21:26] INFO: Latitude: 56.6376, Longitude: 47.905
[2025-09-30 20:21:26] INFO: Weather: Yoshkar-Ola (5°C)
[2025-09-30 20:21:33] INFO: Quit requested by user
[2025-09-30 20:21:33] INFO: Application exited successfully
[2025-09-30 20:24:05] INFO: Application started
[2025-09-30 20:24:05] INFO: get_info init
[2025-09-30 20:24:05] INFO: CPU len 8
[2025-09-30 20:24:05] INFO: CPU brand: 11th Gen Intel(R) Core(TM) i5-1155G7 @ 2.50GHz
CPU frequency: 2856 MHz
[2025-09-30 20:24:06] INFO: IP: 77.40.61.246
[2025-09-30 20:24:06] INFO: Latitude: 56.6376, Longitude: 47.905
[2025-09-30 20:24:07] INFO: Weather: Yoshkar-Ola (5°C)
[2025-09-30 20:24:09] INFO: Quit requested by user
[2025-09-30 20:24:09] INFO: Application exited successfully
[2025-09-30 20:24:39] INFO: Application started
[2025-09-30 20:24:39] INFO: get_info init
[2025-09-30 20:24:39] INFO: CPU len 8
[2025-09-30 20:24:39] INFO: CPU brand: 11th Gen Intel(R) Core(TM) i5-1155G7 @ 2.50GHz
CPU frequency: 2334 MHz
[2025-09-30 20:24:40] INFO: IP: 77.40.61.246
[2025-09-30 20:24:40] INFO: Latitude: 56.6376, Longitude: 47.905
[2025-09-30 20:24:41] INFO: Weather: Yoshkar-Ola (5°C)
[2025-09-30 20:24:41] INFO: Quit requested by user
[2025-09-30 20:24:41] INFO: Application exited successfully
[2025-09-30 20:28:12] INFO: Application started
[2025-09-30 20:28:12] INFO: get_info init
[2025-09-30 20:28:12] INFO: CPU len 8
[2025-09-30 20:28:12] INFO: CPU brand: 11th Gen Intel(R) Core(TM) i5-1155G7 @ 2.50GHz
CPU frequency: 4299 MHz
[2025-09-30 20:28:13] INFO: IP: 77.40.61.246
[2025-09-30 20:28:14] INFO: Latitude: 56.6376, Longitude: 47.905
[2025-09-30 20:28:14] INFO: Weather: Yoshkar-Ola (5°C)
[2025-09-30 20:28:14] INFO: Quit requested by user
[2025-09-30 20:28:14] INFO: Application exited successfully
[2025-09-30 20:28:37] INFO: Application started
[2025-09-30 20:28:37] INFO: get_info init
[2025-09-30 20:28:37] INFO: CPU len 8
[2025-09-30 20:28:37] INFO: CPU brand: 11th Gen Intel(R) Core(TM) i5-1155G7 @ 2.50GHz
CPU frequency: 4076 MHz
[2025-09-30 20:28:38] INFO: IP: 77.40.61.246
[2025-09-30 20:28:38] INFO: Latitude: 56.6376, Longitude: 47.905
[2025-09-30 20:28:39] INFO: Weather: Yoshkar-Ola (5°C)
[2025-09-30 20:28:41] INFO: Quit requested by user
[2025-09-30 20:28:41] INFO: Application exited successfully
[2025-09-30 20:29:08] INFO: Application started
[2025-09-30 20:29:08] INFO: get_info init
[2025-09-30 20:29:08] INFO: CPU len 8
[2025-09-30 20:29:08] INFO: CPU brand: 11th Gen Intel(R) Core(TM) i5-1155G7 @ 2.50GHz
CPU frequency: 3352 MHz
[2025-09-30 20:29:09] INFO: IP: 77.40.61.246
[2025-09-30 20:29:10] INFO: Latitude: 56.6376, Longitude: 47.905
[2025-09-30 20:29:10] INFO: Weather: Yoshkar-Ola (5°C)
[2025-09-30 20:29:19] INFO: Quit requested by user
[2025-09-30 20:29:19] INFO: Application exited successfully
[2025-09-30 20:32:51] INFO: Application started
[2025-09-30 20:32:51] INFO: get_info init
[2025-09-30 20:32:51] INFO: CPU len 8
[2025-09-30 20:32:51] INFO: CPU brand: 11th Gen Intel(R) Core(TM) i5-1155G7 @ 2.50GHz
CPU frequency: 3779 MHz
[2025-09-30 20:32:52] INFO: IP: 77.40.61.246
[2025-09-30 20:32:52] INFO: Latitude: 56.6376, Longitude: 47.905
[2025-09-30 20:32:53] INFO: Weather: Yoshkar-Ola (5°C)
[2025-09-30 20:32:54] INFO: Quit requested by user
[2025-09-30 20:32:54] INFO: Application exited successfully
[2025-09-30 20:32:56] INFO: Application started
[2025-09-30 20:32:56] INFO: get_info init
[2025-09-30 20:32:56] INFO: CPU len 8
[2025-09-30 20:32:56] INFO: CPU brand: 11th Gen Intel(R) Core(TM) i5-1155G7 @ 2.50GHz
CPU frequency: 4247 MHz
[2025-09-30 20:32:57] INFO: IP: 77.40.61.246
[2025-09-30 20:32:57] INFO: Latitude: 56.6376, Longitude: 47.905
[2025-09-30 20:32:57] INFO: Weather: Yoshkar-Ola (5°C)
[2025-09-30 20:32:57] INFO: Quit requested by user
[2025-09-30 20:32:57] INFO: Application exited successfully
[2025-09-30 20:33:07] INFO: Application started
[2025-09-30 20:33:08] INFO: get_info init
[2025-09-30 20:33:08] INFO: CPU len 8
[2025-09-30 20:33:08] INFO: CPU brand: 11th Gen Intel(R) Core(TM) i5-1155G7 @ 2.50GHz
CPU frequency: 4300 MHz
[2025-09-30 20:33:09] INFO: IP: 77.40.61.246
[2025-09-30 20:33:10] INFO: Latitude: 56.6376, Longitude: 47.905
[2025-09-30 20:33:10] INFO: Weather: Yoshkar-Ola (5°C)
[2025-09-30 20:33:10] INFO: Quit requested by user
[2025-09-30 20:33:10] INFO: Application exited successfully
